<?xml version="1.0" encoding="UTF-8"?>
<!-- Generated by org.testng.reporters.JUnitReportReporter -->
<testsuite hostname="LAPTOP-C8NQPUNU" failures="0" tests="1" name="runners.TestRunner" time="14.175" errors="0" timestamp="2023-09-14T12:09:00 IST" skipped="0">
  <testcase classname="runners.TestRunner" name="runScenario" time="14.175"/>
</testsuite> <!-- runners.TestRunner -->
